2023-07-19 14:47:35.651  INFO 42529 --- [main] .S.SpringSecurityWithDatabaseApplication : Starting SpringSecurityWithDatabaseApplication using Java 17.0.7 on Nemanjas-MBP with PID 42529 (/Users/babadroga_92/Desktop/Spring-Security-with-Database/target/classes started by babadroga_92 in /Users/babadroga_92/Desktop/Spring-Security-with-Database)
2023-07-19 14:47:35.652  INFO 42529 --- [main] .S.SpringSecurityWithDatabaseApplication : No active profile set, falling back to 1 default profile: "default"
2023-07-19 14:47:36.087  INFO 42529 --- [main] .s.d.r.c.RepositoryConfigurationDelegate : Bootstrapping Spring Data JPA repositories in DEFAULT mode.
2023-07-19 14:47:36.123  INFO 42529 --- [main] .s.d.r.c.RepositoryConfigurationDelegate : Finished Spring Data repository scanning in 30 ms. Found 6 JPA repository interfaces.
2023-07-19 14:47:36.464  INFO 42529 --- [main] o.s.b.w.embedded.tomcat.TomcatWebServer  : Tomcat initialized with port(s): 8080 (http)
2023-07-19 14:47:36.469  INFO 42529 --- [main] o.apache.catalina.core.StandardService   : Starting service [Tomcat]
2023-07-19 14:47:36.469  INFO 42529 --- [main] org.apache.catalina.core.StandardEngine  : Starting Servlet engine: [Apache Tomcat/9.0.65]
2023-07-19 14:47:36.522  INFO 42529 --- [main] o.a.c.c.C.[Tomcat].[localhost].[/]       : Initializing Spring embedded WebApplicationContext
2023-07-19 14:47:36.522  INFO 42529 --- [main] w.s.c.ServletWebServerApplicationContext : Root WebApplicationContext: initialization completed in 832 ms
2023-07-19 14:47:36.615  INFO 42529 --- [main] o.hibernate.jpa.internal.util.LogHelper  : HHH000204: Processing PersistenceUnitInfo [name: default]
2023-07-19 14:47:36.644  INFO 42529 --- [main] org.hibernate.Version                    : HHH000412: Hibernate ORM core version 5.6.11.Final
2023-07-19 14:47:36.767  INFO 42529 --- [main] com.zaxxer.hikari.HikariDataSource       : HikariPool-1 - Starting...
2023-07-19 14:47:36.949  INFO 42529 --- [main] com.zaxxer.hikari.HikariDataSource       : HikariPool-1 - Start completed.
2023-07-19 14:47:36.962  INFO 42529 --- [main] org.hibernate.dialect.Dialect            : HHH000400: Using dialect: org.hibernate.dialect.MySQL8Dialect
2023-07-19 14:47:37.390  INFO 42529 --- [main] o.h.e.t.j.p.i.JtaPlatformInitiator       : HHH000490: Using JtaPlatform implementation: [org.hibernate.engine.transaction.jta.platform.internal.NoJtaPlatform]
2023-07-19 14:47:37.395  INFO 42529 --- [main] j.LocalContainerEntityManagerFactoryBean : Initialized JPA EntityManagerFactory for persistence unit 'default'
2023-07-19 14:47:37.653  WARN 42529 --- [main] JpaBaseConfiguration$JpaWebConfiguration : spring.jpa.open-in-view is enabled by default. Therefore, database queries may be performed during view rendering. Explicitly configure spring.jpa.open-in-view to disable this warning
2023-07-19 14:47:37.887  INFO 42529 --- [main] o.s.s.web.DefaultSecurityFilterChain     : Will secure any request with [org.springframework.security.web.session.DisableEncodeUrlFilter@63e0057a, org.springframework.security.web.context.request.async.WebAsyncManagerIntegrationFilter@5b76b891, org.springframework.security.web.context.SecurityContextPersistenceFilter@3d213a2b, org.springframework.security.web.header.HeaderWriterFilter@524dd373, org.springframework.security.web.authentication.logout.LogoutFilter@21b2579d, org.springframework.security.web.authentication.www.BasicAuthenticationFilter@10466c55, org.springframework.security.web.savedrequest.RequestCacheAwareFilter@78a34c47, org.springframework.security.web.servletapi.SecurityContextHolderAwareRequestFilter@1ddc889b, org.springframework.security.web.authentication.AnonymousAuthenticationFilter@611a91df, org.springframework.security.web.session.SessionManagementFilter@48da5106, org.springframework.security.web.access.ExceptionTranslationFilter@1ba98508, org.springframework.security.web.access.intercept.FilterSecurityInterceptor@53b7f08]
2023-07-19 14:47:38.109  INFO 42529 --- [main] o.s.b.w.embedded.tomcat.TomcatWebServer  : Tomcat started on port(s): 8080 (http) with context path ''
2023-07-19 14:47:38.119  INFO 42529 --- [main] .S.SpringSecurityWithDatabaseApplication : Started SpringSecurityWithDatabaseApplication in 2.812 seconds (JVM running for 3.066)
2023-07-19 14:48:00.047  INFO 42529 --- [scheduling-1] c.s.S.service.StudentServiceImpl         : Start of the process of eliminating all the students without associated user.
2023-07-19 14:49:00.006  INFO 42529 --- [scheduling-1] c.s.S.service.StudentServiceImpl         : Start of the process of eliminating all the students without associated user.
2023-07-19 14:50:00.009  INFO 42529 --- [scheduling-1] c.s.S.service.StudentServiceImpl         : Start of the process of eliminating all the students without associated user.
2023-07-19 14:50:17.915  INFO 42529 --- [SpringApplicationShutdownHook] j.LocalContainerEntityManagerFactoryBean : Closing JPA EntityManagerFactory for persistence unit 'default'
2023-07-19 14:50:17.916  INFO 42529 --- [SpringApplicationShutdownHook] com.zaxxer.hikari.HikariDataSource       : HikariPool-1 - Shutdown initiated...
2023-07-19 14:50:17.921  INFO 42529 --- [SpringApplicationShutdownHook] com.zaxxer.hikari.HikariDataSource       : HikariPool-1 - Shutdown completed.
2023-07-19 14:50:22.146  INFO 42729 --- [main] .S.SpringSecurityWithDatabaseApplication : Starting SpringSecurityWithDatabaseApplication using Java 17.0.7 on Nemanjas-MBP with PID 42729 (/Users/babadroga_92/Desktop/Spring-Security-with-Database/target/classes started by babadroga_92 in /Users/babadroga_92/Desktop/Spring-Security-with-Database)
2023-07-19 14:50:22.147  INFO 42729 --- [main] .S.SpringSecurityWithDatabaseApplication : No active profile set, falling back to 1 default profile: "default"
2023-07-19 14:50:22.643  INFO 42729 --- [main] .s.d.r.c.RepositoryConfigurationDelegate : Bootstrapping Spring Data JPA repositories in DEFAULT mode.
2023-07-19 14:50:22.683  INFO 42729 --- [main] .s.d.r.c.RepositoryConfigurationDelegate : Finished Spring Data repository scanning in 34 ms. Found 6 JPA repository interfaces.
2023-07-19 14:50:23.069  INFO 42729 --- [main] o.s.b.w.embedded.tomcat.TomcatWebServer  : Tomcat initialized with port(s): 8080 (http)
2023-07-19 14:50:23.075  INFO 42729 --- [main] o.apache.catalina.core.StandardService   : Starting service [Tomcat]
2023-07-19 14:50:23.075  INFO 42729 --- [main] org.apache.catalina.core.StandardEngine  : Starting Servlet engine: [Apache Tomcat/9.0.65]
2023-07-19 14:50:23.135  INFO 42729 --- [main] o.a.c.c.C.[Tomcat].[localhost].[/]       : Initializing Spring embedded WebApplicationContext
2023-07-19 14:50:23.136  INFO 42729 --- [main] w.s.c.ServletWebServerApplicationContext : Root WebApplicationContext: initialization completed in 926 ms
2023-07-19 14:50:23.256  INFO 42729 --- [main] o.hibernate.jpa.internal.util.LogHelper  : HHH000204: Processing PersistenceUnitInfo [name: default]
2023-07-19 14:50:23.286  INFO 42729 --- [main] org.hibernate.Version                    : HHH000412: Hibernate ORM core version 5.6.11.Final
2023-07-19 14:50:23.443  INFO 42729 --- [main] com.zaxxer.hikari.HikariDataSource       : HikariPool-1 - Starting...
2023-07-19 14:50:23.645  INFO 42729 --- [main] com.zaxxer.hikari.HikariDataSource       : HikariPool-1 - Start completed.
2023-07-19 14:50:23.659  INFO 42729 --- [main] org.hibernate.dialect.Dialect            : HHH000400: Using dialect: org.hibernate.dialect.MySQL8Dialect
2023-07-19 14:50:24.097  INFO 42729 --- [main] o.h.e.t.j.p.i.JtaPlatformInitiator       : HHH000490: Using JtaPlatform implementation: [org.hibernate.engine.transaction.jta.platform.internal.NoJtaPlatform]
2023-07-19 14:50:24.102  INFO 42729 --- [main] j.LocalContainerEntityManagerFactoryBean : Initialized JPA EntityManagerFactory for persistence unit 'default'
2023-07-19 14:50:24.326  WARN 42729 --- [main] JpaBaseConfiguration$JpaWebConfiguration : spring.jpa.open-in-view is enabled by default. Therefore, database queries may be performed during view rendering. Explicitly configure spring.jpa.open-in-view to disable this warning
2023-07-19 14:50:24.544  INFO 42729 --- [main] o.s.s.web.DefaultSecurityFilterChain     : Will secure any request with [org.springframework.security.web.session.DisableEncodeUrlFilter@426940f9, org.springframework.security.web.context.request.async.WebAsyncManagerIntegrationFilter@447630c4, org.springframework.security.web.context.SecurityContextPersistenceFilter@1ddc889b, org.springframework.security.web.header.HeaderWriterFilter@b791e6e, org.springframework.security.web.authentication.logout.LogoutFilter@1b120d48, org.springframework.security.web.authentication.www.BasicAuthenticationFilter@4d6027be, org.springframework.security.web.savedrequest.RequestCacheAwareFilter@7c0a6f62, org.springframework.security.web.servletapi.SecurityContextHolderAwareRequestFilter@421d7900, org.springframework.security.web.authentication.AnonymousAuthenticationFilter@63d75087, org.springframework.security.web.session.SessionManagementFilter@43201f84, org.springframework.security.web.access.ExceptionTranslationFilter@1477d4e6, org.springframework.security.web.access.intercept.FilterSecurityInterceptor@582b14e2]
2023-07-19 14:50:24.726  INFO 42729 --- [main] o.s.b.w.embedded.tomcat.TomcatWebServer  : Tomcat started on port(s): 8080 (http) with context path ''
2023-07-19 14:50:24.733  INFO 42729 --- [main] .S.SpringSecurityWithDatabaseApplication : Started SpringSecurityWithDatabaseApplication in 3.005 seconds (JVM running for 3.338)
2023-07-19 14:51:00.051  INFO 42729 --- [scheduling-1] c.s.S.service.StudentServiceImpl         : Start of the process of eliminating all the students without associated user.
2023-07-19 14:52:00.005  INFO 42729 --- [scheduling-1] c.s.S.service.StudentServiceImpl         : Start of the process of eliminating all the students without associated user.
